<?xml version="1.0" encoding="UTF-8"?>
<testsuite name="tasks.Request7ChannelsKtTest" tests="1" skipped="0" failures="0" errors="0" timestamp="2024-05-27T02:24:38" hostname="RIKOBAZUKI" time="0.011">
  <properties/>
  <testcase name="testChannels" classname="tasks.Request7ChannelsKtTest" time="0.011"/>
  <system-out><![CDATA[229 [Test worker @coroutine#5] INFO  Contributors - org: loaded 3 repos
234 [Test worker @coroutine#8] INFO  Contributors - repo-3: loaded 2 contributors
236 [Test worker @coroutine#6] INFO  Contributors - repo-1: loaded 2 contributors
236 [Test worker @coroutine#7] INFO  Contributors - repo-2: loaded 2 contributors
]]></system-out>
  <system-err><![CDATA[]]></system-err>
</testsuite>
