<?xml version="1.0" encoding="UTF-8"?>
<testsuite name="tasks.Request4SuspendKtTest" tests="1" skipped="0" failures="0" errors="0" timestamp="2024-05-27T02:24:39" hostname="RIKOBAZUKI" time="0.003">
  <properties/>
  <testcase name="testSuspend" classname="tasks.Request4SuspendKtTest" time="0.003"/>
  <system-out><![CDATA[1279 [Test worker @coroutine#10] INFO  Contributors - org: loaded 3 repos
1280 [Test worker @coroutine#10] INFO  Contributors - repo-1: loaded 2 contributors
1280 [Test worker @coroutine#10] INFO  Contributors - repo-2: loaded 2 contributors
1280 [Test worker @coroutine#10] INFO  Contributors - repo-3: loaded 2 contributors
]]></system-out>
  <system-err><![CDATA[]]></system-err>
</testsuite>
